<?xml version="1.0" encoding="UTF-8"?>
<!-- Generated by org.testng.reporters.JUnitReportReporter -->
<testsuite hostname="LAPTOP-MVDCCP5B" failures="0" tests="1" name="com.simplilearn.testscripts.CourseDetailsTest" time="0.138" errors="0" timestamp="2023-07-21T11:56:28 IST" skipped="0">
  <testcase classname="com.simplilearn.testscripts.CourseDetailsTest" name="courseDetails" time="0.138"/>
</testsuite> <!-- com.simplilearn.testscripts.CourseDetailsTest -->
