<?xml version="1.0" encoding="UTF-8"?>
<!-- Generated by org.testng.reporters.JUnitReportReporter -->
<testsuite hostname="LAPTOP-MVDCCP5B" failures="0" tests="1" name="in.redbus.testscripts.BookTicketTest" time="23.468" errors="0" timestamp="2023-07-20T17:07:53 IST" skipped="0">
  <testcase classname="in.redbus.testscripts.BookTicketTest" name="bookTicket" time="23.468"/>
</testsuite> <!-- in.redbus.testscripts.BookTicketTest -->
