<?xml version="1.0" encoding="UTF-8"?>
<!-- Generated by org.testng.reporters.JUnitReportReporter -->
<testsuite hostname="LAPTOP-MVDCCP5B" failures="0" tests="1" name="sauceDemoTestScripts.loginDetailsTest" time="1.096" errors="0" timestamp="2023-07-25T13:10:22 IST" skipped="0">
  <testcase classname="sauceDemoTestScripts.loginDetailsTest" name="BuyItem" time="1.096"/>
</testsuite> <!-- sauceDemoTestScripts.loginDetailsTest -->
